2014-12-04 09:07:00 [127.0.0.1][][-][error][yii\web\HttpException:404] exception 'yii\base\InvalidRouteException' with message 'Unable to resolve the request "site*".' in D:\xampp\htdocs\advanced\vendor\yiisoft\yii2\base\Module.php:461
Stack trace:
#0 D:\xampp\htdocs\advanced\vendor\yiisoft\yii2\web\Application.php(83): yii\base\Module->runAction('site*', Array)
#1 D:\xampp\htdocs\advanced\vendor\yiisoft\yii2\base\Application.php(375): yii\web\Application->handleRequest(Object(yii\web\Request))
#2 D:\xampp\htdocs\advanced\backend\web\index.php(18): yii\base\Application->run()
#3 {main}

Next exception 'yii\web\NotFoundHttpException' with message 'Unable to resolve the request "site*".' in D:\xampp\htdocs\advanced\vendor\yiisoft\yii2\web\Application.php:95
Stack trace:
#0 D:\xampp\htdocs\advanced\vendor\yiisoft\yii2\base\Application.php(375): yii\web\Application->handleRequest(Object(yii\web\Request))
#1 D:\xampp\htdocs\advanced\backend\web\index.php(18): yii\base\Application->run()
#2 {main}
2014-12-04 09:07:00 [127.0.0.1][][-][info][application] $_GET = [
    'r' => 'site*'
]

$_COOKIE = [
    'AJSTAT_ok_times' => '1'
    '_ga' => 'GA1.1.54924247.1416566351'
    '__zpspc' => '9.2.1416813744.1416814460.10#4|||||#'
    'PHPSESSID' => 'ge28mm5bvi4ci6eve5br9nkvh4'
    '_csrf' => '958ebff564d3ac9be92706e867b84b4f798426e8eb4223f91e19cc852456d2f6s:32:\"30cXowDaGo8Ek6m_UorcRB5TbJR0umrZ\";'
]

$_SESSION = [
    '__flash' => []
    '__returnUrl' => '/advanced/backend/web/'
]

$_SERVER = [
    'MIBDIRS' => 'D:/xampp/php/extras/mibs'
    'MYSQL_HOME' => '\\xampp\\mysql\\bin'
    'OPENSSL_CONF' => 'D:/xampp/apache/bin/openssl.cnf'
    'PHP_PEAR_SYSCONF_DIR' => '\\xampp\\php'
    'PHPRC' => '\\xampp\\php'
    'TMP' => '\\xampp\\tmp'
    'HTTP_HOST' => 'localhost'
    'HTTP_CONNECTION' => 'keep-alive'
    'HTTP_ACCEPT' => 'text/html,application/xhtml+xml,application/xml;q=0.9,image/webp,*/*;q=0.8'
    'HTTP_USER_AGENT' => 'Mozilla/5.0 (Windows NT 6.1; WOW64) AppleWebKit/537.36 (KHTML, like Gecko) Chrome/31.0.1650.57 Safari/537.36'
    'HTTP_ACCEPT_ENCODING' => 'gzip,deflate,sdch'
    'HTTP_ACCEPT_LANGUAGE' => 'zh-CN,zh;q=0.8,en;q=0.6'
    'HTTP_COOKIE' => 'AJSTAT_ok_times=1; _ga=GA1.1.54924247.1416566351; __zpspc=9.2.1416813744.1416814460.10%234%7C%7C%7C%7C%7C%23; PHPSESSID=ge28mm5bvi4ci6eve5br9nkvh4; _csrf=958ebff564d3ac9be92706e867b84b4f798426e8eb4223f91e19cc852456d2f6s%3A32%3A%2230cXowDaGo8Ek6m_UorcRB5TbJR0umrZ%22%3B'
    'PATH' => 'C:\\ProgramData\\Oracle\\Java\\javapath;C:\\Program Files (x86)\\NVIDIA Corporation\\PhysX\\Common;D:\\xampp\\php\\php.exe;D:\\Program Files\\Java\\jdk1.8.0_25\\bin;D:\\Program Files\\Java\\jdk1.8.0_25\\jre\\bin'
    'SystemRoot' => 'C:\\Windows'
    'COMSPEC' => 'C:\\Windows\\system32\\cmd.exe'
    'PATHEXT' => '.COM;.EXE;.BAT;.CMD;.VBS;.VBE;.JS;.JSE;.WSF;.WSH;.MSC'
    'WINDIR' => 'C:\\Windows'
    'SERVER_SIGNATURE' => '<address>Apache/2.4.4 (Win32) OpenSSL/1.0.1e PHP/5.5.1 Server at localhost Port 80</address>
'
    'SERVER_SOFTWARE' => 'Apache/2.4.4 (Win32) OpenSSL/1.0.1e PHP/5.5.1'
    'SERVER_NAME' => 'localhost'
    'SERVER_ADDR' => '127.0.0.1'
    'SERVER_PORT' => '80'
    'REMOTE_HOST' => 'ÇØ³å³å'
    'REMOTE_ADDR' => '127.0.0.1'
    'DOCUMENT_ROOT' => 'D:/xampp/htdocs/'
    'REQUEST_SCHEME' => 'http'
    'CONTEXT_PREFIX' => ''
    'CONTEXT_DOCUMENT_ROOT' => 'D:/xampp/htdocs/'
    'SERVER_ADMIN' => 'postmaster@localhost'
    'SCRIPT_FILENAME' => 'D:/xampp/htdocs/advanced/backend/web/index.php'
    'REMOTE_PORT' => '58399'
    'GATEWAY_INTERFACE' => 'CGI/1.1'
    'SERVER_PROTOCOL' => 'HTTP/1.1'
    'REQUEST_METHOD' => 'GET'
    'QUERY_STRING' => 'r=site%2a'
    'REQUEST_URI' => '/advanced/backend/web/index.php?r=site%2a'
    'SCRIPT_NAME' => '/advanced/backend/web/index.php'
    'PHP_SELF' => '/advanced/backend/web/index.php'
    'REQUEST_TIME_FLOAT' => 1417680420.177
    'REQUEST_TIME' => 1417680420
]
2014-12-04 09:07:10 [127.0.0.1][][-][error][yii\web\HttpException:404] exception 'yii\base\InvalidRouteException' with message 'Unable to resolve the request "sitea".' in D:\xampp\htdocs\advanced\vendor\yiisoft\yii2\base\Module.php:461
Stack trace:
#0 D:\xampp\htdocs\advanced\vendor\yiisoft\yii2\web\Application.php(83): yii\base\Module->runAction('sitea', Array)
#1 D:\xampp\htdocs\advanced\vendor\yiisoft\yii2\base\Application.php(375): yii\web\Application->handleRequest(Object(yii\web\Request))
#2 D:\xampp\htdocs\advanced\backend\web\index.php(18): yii\base\Application->run()
#3 {main}

Next exception 'yii\web\NotFoundHttpException' with message 'Unable to resolve the request "sitea".' in D:\xampp\htdocs\advanced\vendor\yiisoft\yii2\web\Application.php:95
Stack trace:
#0 D:\xampp\htdocs\advanced\vendor\yiisoft\yii2\base\Application.php(375): yii\web\Application->handleRequest(Object(yii\web\Request))
#1 D:\xampp\htdocs\advanced\backend\web\index.php(18): yii\base\Application->run()
#2 {main}
2014-12-04 09:07:10 [127.0.0.1][][-][info][application] $_GET = [
    'r' => 'sitea'
]

$_COOKIE = [
    'AJSTAT_ok_times' => '1'
    '_ga' => 'GA1.1.54924247.1416566351'
    '__zpspc' => '9.2.1416813744.1416814460.10#4|||||#'
    'PHPSESSID' => 'ge28mm5bvi4ci6eve5br9nkvh4'
    '_csrf' => '958ebff564d3ac9be92706e867b84b4f798426e8eb4223f91e19cc852456d2f6s:32:\"30cXowDaGo8Ek6m_UorcRB5TbJR0umrZ\";'
]

$_SESSION = [
    '__flash' => []
    '__returnUrl' => '/advanced/backend/web/'
]

$_SERVER = [
    'MIBDIRS' => 'D:/xampp/php/extras/mibs'
    'MYSQL_HOME' => '\\xampp\\mysql\\bin'
    'OPENSSL_CONF' => 'D:/xampp/apache/bin/openssl.cnf'
    'PHP_PEAR_SYSCONF_DIR' => '\\xampp\\php'
    'PHPRC' => '\\xampp\\php'
    'TMP' => '\\xampp\\tmp'
    'HTTP_HOST' => 'localhost'
    'HTTP_CONNECTION' => 'keep-alive'
    'HTTP_ACCEPT' => 'text/html,application/xhtml+xml,application/xml;q=0.9,image/webp,*/*;q=0.8'
    'HTTP_USER_AGENT' => 'Mozilla/5.0 (Windows NT 6.1; WOW64) AppleWebKit/537.36 (KHTML, like Gecko) Chrome/31.0.1650.57 Safari/537.36'
    'HTTP_ACCEPT_ENCODING' => 'gzip,deflate,sdch'
    'HTTP_ACCEPT_LANGUAGE' => 'zh-CN,zh;q=0.8,en;q=0.6'
    'HTTP_COOKIE' => 'AJSTAT_ok_times=1; _ga=GA1.1.54924247.1416566351; __zpspc=9.2.1416813744.1416814460.10%234%7C%7C%7C%7C%7C%23; PHPSESSID=ge28mm5bvi4ci6eve5br9nkvh4; _csrf=958ebff564d3ac9be92706e867b84b4f798426e8eb4223f91e19cc852456d2f6s%3A32%3A%2230cXowDaGo8Ek6m_UorcRB5TbJR0umrZ%22%3B'
    'PATH' => 'C:\\ProgramData\\Oracle\\Java\\javapath;C:\\Program Files (x86)\\NVIDIA Corporation\\PhysX\\Common;D:\\xampp\\php\\php.exe;D:\\Program Files\\Java\\jdk1.8.0_25\\bin;D:\\Program Files\\Java\\jdk1.8.0_25\\jre\\bin'
    'SystemRoot' => 'C:\\Windows'
    'COMSPEC' => 'C:\\Windows\\system32\\cmd.exe'
    'PATHEXT' => '.COM;.EXE;.BAT;.CMD;.VBS;.VBE;.JS;.JSE;.WSF;.WSH;.MSC'
    'WINDIR' => 'C:\\Windows'
    'SERVER_SIGNATURE' => '<address>Apache/2.4.4 (Win32) OpenSSL/1.0.1e PHP/5.5.1 Server at localhost Port 80</address>
'
    'SERVER_SOFTWARE' => 'Apache/2.4.4 (Win32) OpenSSL/1.0.1e PHP/5.5.1'
    'SERVER_NAME' => 'localhost'
    'SERVER_ADDR' => '127.0.0.1'
    'SERVER_PORT' => '80'
    'REMOTE_HOST' => 'ÇØ³å³å'
    'REMOTE_ADDR' => '127.0.0.1'
    'DOCUMENT_ROOT' => 'D:/xampp/htdocs/'
    'REQUEST_SCHEME' => 'http'
    'CONTEXT_PREFIX' => ''
    'CONTEXT_DOCUMENT_ROOT' => 'D:/xampp/htdocs/'
    'SERVER_ADMIN' => 'postmaster@localhost'
    'SCRIPT_FILENAME' => 'D:/xampp/htdocs/advanced/backend/web/index.php'
    'REMOTE_PORT' => '58404'
    'GATEWAY_INTERFACE' => 'CGI/1.1'
    'SERVER_PROTOCOL' => 'HTTP/1.1'
    'REQUEST_METHOD' => 'GET'
    'QUERY_STRING' => 'r=sitea'
    'REQUEST_URI' => '/advanced/backend/web/index.php?r=sitea'
    'SCRIPT_NAME' => '/advanced/backend/web/index.php'
    'PHP_SELF' => '/advanced/backend/web/index.php'
    'REQUEST_TIME_FLOAT' => 1417680430.958
    'REQUEST_TIME' => 1417680430
]
2014-12-04 09:07:16 [127.0.0.1][][-][error][yii\web\HttpException:404] exception 'yii\base\InvalidRouteException' with message 'Unable to resolve the request: site/a' in D:\xampp\htdocs\advanced\vendor\yiisoft\yii2\base\Controller.php:122
Stack trace:
#0 D:\xampp\htdocs\advanced\vendor\yiisoft\yii2\base\Module.php(455): yii\base\Controller->runAction('a', Array)
#1 D:\xampp\htdocs\advanced\vendor\yiisoft\yii2\web\Application.php(83): yii\base\Module->runAction('site/a', Array)
#2 D:\xampp\htdocs\advanced\vendor\yiisoft\yii2\base\Application.php(375): yii\web\Application->handleRequest(Object(yii\web\Request))
#3 D:\xampp\htdocs\advanced\backend\web\index.php(18): yii\base\Application->run()
#4 {main}

Next exception 'yii\web\NotFoundHttpException' with message 'Unable to resolve the request: site/a' in D:\xampp\htdocs\advanced\vendor\yiisoft\yii2\web\Application.php:95
Stack trace:
#0 D:\xampp\htdocs\advanced\vendor\yiisoft\yii2\base\Application.php(375): yii\web\Application->handleRequest(Object(yii\web\Request))
#1 D:\xampp\htdocs\advanced\backend\web\index.php(18): yii\base\Application->run()
#2 {main}
2014-12-04 09:07:16 [127.0.0.1][][-][info][application] $_GET = [
    'r' => 'site/a'
]

$_COOKIE = [
    'AJSTAT_ok_times' => '1'
    '_ga' => 'GA1.1.54924247.1416566351'
    '__zpspc' => '9.2.1416813744.1416814460.10#4|||||#'
    'PHPSESSID' => 'ge28mm5bvi4ci6eve5br9nkvh4'
    '_csrf' => '958ebff564d3ac9be92706e867b84b4f798426e8eb4223f91e19cc852456d2f6s:32:\"30cXowDaGo8Ek6m_UorcRB5TbJR0umrZ\";'
]

$_SESSION = [
    '__flash' => []
    '__returnUrl' => '/advanced/backend/web/'
]

$_SERVER = [
    'MIBDIRS' => 'D:/xampp/php/extras/mibs'
    'MYSQL_HOME' => '\\xampp\\mysql\\bin'
    'OPENSSL_CONF' => 'D:/xampp/apache/bin/openssl.cnf'
    'PHP_PEAR_SYSCONF_DIR' => '\\xampp\\php'
    'PHPRC' => '\\xampp\\php'
    'TMP' => '\\xampp\\tmp'
    'HTTP_HOST' => 'localhost'
    'HTTP_CONNECTION' => 'keep-alive'
    'HTTP_ACCEPT' => 'text/html,application/xhtml+xml,application/xml;q=0.9,image/webp,*/*;q=0.8'
    'HTTP_USER_AGENT' => 'Mozilla/5.0 (Windows NT 6.1; WOW64) AppleWebKit/537.36 (KHTML, like Gecko) Chrome/31.0.1650.57 Safari/537.36'
    'HTTP_ACCEPT_ENCODING' => 'gzip,deflate,sdch'
    'HTTP_ACCEPT_LANGUAGE' => 'zh-CN,zh;q=0.8,en;q=0.6'
    'HTTP_COOKIE' => 'AJSTAT_ok_times=1; _ga=GA1.1.54924247.1416566351; __zpspc=9.2.1416813744.1416814460.10%234%7C%7C%7C%7C%7C%23; PHPSESSID=ge28mm5bvi4ci6eve5br9nkvh4; _csrf=958ebff564d3ac9be92706e867b84b4f798426e8eb4223f91e19cc852456d2f6s%3A32%3A%2230cXowDaGo8Ek6m_UorcRB5TbJR0umrZ%22%3B'
    'PATH' => 'C:\\ProgramData\\Oracle\\Java\\javapath;C:\\Program Files (x86)\\NVIDIA Corporation\\PhysX\\Common;D:\\xampp\\php\\php.exe;D:\\Program Files\\Java\\jdk1.8.0_25\\bin;D:\\Program Files\\Java\\jdk1.8.0_25\\jre\\bin'
    'SystemRoot' => 'C:\\Windows'
    'COMSPEC' => 'C:\\Windows\\system32\\cmd.exe'
    'PATHEXT' => '.COM;.EXE;.BAT;.CMD;.VBS;.VBE;.JS;.JSE;.WSF;.WSH;.MSC'
    'WINDIR' => 'C:\\Windows'
    'SERVER_SIGNATURE' => '<address>Apache/2.4.4 (Win32) OpenSSL/1.0.1e PHP/5.5.1 Server at localhost Port 80</address>
'
    'SERVER_SOFTWARE' => 'Apache/2.4.4 (Win32) OpenSSL/1.0.1e PHP/5.5.1'
    'SERVER_NAME' => 'localhost'
    'SERVER_ADDR' => '127.0.0.1'
    'SERVER_PORT' => '80'
    'REMOTE_HOST' => 'ÇØ³å³å'
    'REMOTE_ADDR' => '127.0.0.1'
    'DOCUMENT_ROOT' => 'D:/xampp/htdocs/'
    'REQUEST_SCHEME' => 'http'
    'CONTEXT_PREFIX' => ''
    'CONTEXT_DOCUMENT_ROOT' => 'D:/xampp/htdocs/'
    'SERVER_ADMIN' => 'postmaster@localhost'
    'SCRIPT_FILENAME' => 'D:/xampp/htdocs/advanced/backend/web/index.php'
    'REMOTE_PORT' => '58408'
    'GATEWAY_INTERFACE' => 'CGI/1.1'
    'SERVER_PROTOCOL' => 'HTTP/1.1'
    'REQUEST_METHOD' => 'GET'
    'QUERY_STRING' => 'r=site/a'
    'REQUEST_URI' => '/advanced/backend/web/index.php?r=site/a'
    'SCRIPT_NAME' => '/advanced/backend/web/index.php'
    'PHP_SELF' => '/advanced/backend/web/index.php'
    'REQUEST_TIME_FLOAT' => 1417680436.632
    'REQUEST_TIME' => 1417680436
]
