2014-12-04 09:14:31 [127.0.0.1][-][-][error][yii\base\UnknownClassException] exception 'yii\base\UnknownClassException' with message 'Unable to find 'frontend\controllers\IndexController' in file: E:\weike\test/frontend/controllers/IndexController.php. Namespace missing?' in E:\weike\test\vendor\yiisoft\yii2\BaseYii.php:291
Stack trace:
#0 [internal function]: yii\BaseYii::autoload('frontend\contro...')
#1 [internal function]: spl_autoload_call('frontend\contro...')
#2 E:\weike\test\vendor\yiisoft\yii2\base\Module.php(563): class_exists('frontend\contro...')
#3 E:\weike\test\vendor\yiisoft\yii2\base\Module.php(521): yii\base\Module->createControllerByID('index')
#4 E:\weike\test\vendor\yiisoft\yii2\base\Module.php(449): yii\base\Module->createController('index/index')
#5 E:\weike\test\vendor\yiisoft\yii2\web\Application.php(83): yii\base\Module->runAction('index/index', Array)
#6 E:\weike\test\vendor\yiisoft\yii2\base\Application.php(375): yii\web\Application->handleRequest(Object(yii\web\Request))
#7 E:\weike\test\frontend\web\index.php(18): yii\base\Application->run()
#8 {main}
2014-12-04 09:14:31 [127.0.0.1][-][-][info][application] $_GET = [
    'r' => 'index/index'
]

$_COOKIE = [
    'article_299' => 'exist_299'
    '_csrf' => '5c27e7067f2e8ce4ac98729e324d630319e84e1d99bf94969c0af61198b693des:32:\"ZfzthC8LgyEt0k-WpMIucRpsgJzkEZnl\";'
    'PHPSESSID' => '79ccn8qiamkacgkkq3j4s91302'
]

$_SERVER = [
    'MIBDIRS' => 'D:/install/xampp/php/extras/mibs'
    'MYSQL_HOME' => '\\xampp\\mysql\\bin'
    'OPENSSL_CONF' => 'D:/install/xampp/apache/bin/openssl.cnf'
    'PHP_PEAR_SYSCONF_DIR' => '\\xampp\\php'
    'PHPRC' => '\\xampp\\php'
    'TMP' => '\\xampp\\tmp'
    'HTTP_HOST' => 'www.weike.com'
    'HTTP_USER_AGENT' => 'Mozilla/5.0 (Windows NT 6.1; WOW64; rv:33.0) Gecko/20100101 Firefox/33.0'
    'HTTP_ACCEPT' => 'text/html,application/xhtml+xml,application/xml;q=0.9,*/*;q=0.8'
    'HTTP_ACCEPT_LANGUAGE' => 'zh-cn,zh;q=0.8,en-us;q=0.5,en;q=0.3'
    'HTTP_ACCEPT_ENCODING' => 'gzip, deflate'
    'HTTP_COOKIE' => 'article_299=exist_299; _csrf=5c27e7067f2e8ce4ac98729e324d630319e84e1d99bf94969c0af61198b693des%3A32%3A%22ZfzthC8LgyEt0k-WpMIucRpsgJzkEZnl%22%3B; PHPSESSID=79ccn8qiamkacgkkq3j4s91302'
    'HTTP_CONNECTION' => 'keep-alive'
    'PATH' => 'C:\\ProgramData\\Oracle\\Java\\javapath;C:\\Windows\\system32;C:\\Windows;C:\\Windows\\System32\\Wbem;C:\\Windows\\System32\\WindowsPowerShell\\v1.0\\;D:\\安装\\svn\\bin;%;AVA_HOME%\\bin;D:\\install\\jdk\\jre\\bin;C:\\Program Files\\TortoiseGit\\bin;D:\\install\\xampp\\php;C:\\ProgramData\\ComposerSetup\\bin;.;;.;'
    'SystemRoot' => 'C:\\Windows'
    'COMSPEC' => 'C:\\Windows\\system32\\cmd.exe'
    'PATHEXT' => '.COM;.EXE;.BAT;.CMD;.VBS;.VBE;.JS;.JSE;.WSF;.WSH;.MSC'
    'WINDIR' => 'C:\\Windows'
    'SERVER_SIGNATURE' => '<address>Apache/2.4.7 (Win32) OpenSSL/1.0.1e PHP/5.5.9 Server at www.weike.com Port 80</address>
'
    'SERVER_SOFTWARE' => 'Apache/2.4.7 (Win32) OpenSSL/1.0.1e PHP/5.5.9'
    'SERVER_NAME' => 'www.weike.com'
    'SERVER_ADDR' => '127.0.0.1'
    'SERVER_PORT' => '80'
    'REMOTE_ADDR' => '127.0.0.1'
    'DOCUMENT_ROOT' => 'E:/weike'
    'REQUEST_SCHEME' => 'http'
    'CONTEXT_PREFIX' => ''
    'CONTEXT_DOCUMENT_ROOT' => 'E:/weike'
    'SERVER_ADMIN' => 'postmaster@localhost'
    'SCRIPT_FILENAME' => 'E:/weike/test/frontend/web/index.php'
    'REMOTE_PORT' => '52497'
    'GATEWAY_INTERFACE' => 'CGI/1.1'
    'SERVER_PROTOCOL' => 'HTTP/1.1'
    'REQUEST_METHOD' => 'GET'
    'QUERY_STRING' => 'r=index/index'
    'REQUEST_URI' => '/test/frontend/web/index.php?r=index/index'
    'SCRIPT_NAME' => '/test/frontend/web/index.php'
    'PHP_SELF' => '/test/frontend/web/index.php'
    'REQUEST_TIME_FLOAT' => 1417680871.627
    'REQUEST_TIME' => 1417680871
]
2014-12-04 09:16:05 [127.0.0.1][-][-][error][yii\base\UnknownClassException] exception 'yii\base\UnknownClassException' with message 'Unable to find 'frontend\controllers\IndexController' in file: E:\weike\test/frontend/controllers/IndexController.php. Namespace missing?' in E:\weike\test\vendor\yiisoft\yii2\BaseYii.php:291
Stack trace:
#0 [internal function]: yii\BaseYii::autoload('frontend\contro...')
#1 [internal function]: spl_autoload_call('frontend\contro...')
#2 E:\weike\test\vendor\yiisoft\yii2\base\Module.php(563): class_exists('frontend\contro...')
#3 E:\weike\test\vendor\yiisoft\yii2\base\Module.php(521): yii\base\Module->createControllerByID('index')
#4 E:\weike\test\vendor\yiisoft\yii2\base\Module.php(449): yii\base\Module->createController('index/index')
#5 E:\weike\test\vendor\yiisoft\yii2\web\Application.php(83): yii\base\Module->runAction('index/index', Array)
#6 E:\weike\test\vendor\yiisoft\yii2\base\Application.php(375): yii\web\Application->handleRequest(Object(yii\web\Request))
#7 E:\weike\test\frontend\web\index.php(18): yii\base\Application->run()
#8 {main}
2014-12-04 09:16:05 [127.0.0.1][-][-][info][application] $_GET = [
    'r' => 'index/index'
]

$_COOKIE = [
    'article_299' => 'exist_299'
    '_csrf' => '5c27e7067f2e8ce4ac98729e324d630319e84e1d99bf94969c0af61198b693des:32:\"ZfzthC8LgyEt0k-WpMIucRpsgJzkEZnl\";'
    'PHPSESSID' => '79ccn8qiamkacgkkq3j4s91302'
]

$_SERVER = [
    'MIBDIRS' => 'D:/install/xampp/php/extras/mibs'
    'MYSQL_HOME' => '\\xampp\\mysql\\bin'
    'OPENSSL_CONF' => 'D:/install/xampp/apache/bin/openssl.cnf'
    'PHP_PEAR_SYSCONF_DIR' => '\\xampp\\php'
    'PHPRC' => '\\xampp\\php'
    'TMP' => '\\xampp\\tmp'
    'HTTP_HOST' => 'www.weike.com'
    'HTTP_USER_AGENT' => 'Mozilla/5.0 (Windows NT 6.1; WOW64; rv:33.0) Gecko/20100101 Firefox/33.0'
    'HTTP_ACCEPT' => 'text/html,application/xhtml+xml,application/xml;q=0.9,*/*;q=0.8'
    'HTTP_ACCEPT_LANGUAGE' => 'zh-cn,zh;q=0.8,en-us;q=0.5,en;q=0.3'
    'HTTP_ACCEPT_ENCODING' => 'gzip, deflate'
    'HTTP_COOKIE' => 'article_299=exist_299; _csrf=5c27e7067f2e8ce4ac98729e324d630319e84e1d99bf94969c0af61198b693des%3A32%3A%22ZfzthC8LgyEt0k-WpMIucRpsgJzkEZnl%22%3B; PHPSESSID=79ccn8qiamkacgkkq3j4s91302'
    'HTTP_CONNECTION' => 'keep-alive'
    'PATH' => 'C:\\ProgramData\\Oracle\\Java\\javapath;C:\\Windows\\system32;C:\\Windows;C:\\Windows\\System32\\Wbem;C:\\Windows\\System32\\WindowsPowerShell\\v1.0\\;D:\\安装\\svn\\bin;%;AVA_HOME%\\bin;D:\\install\\jdk\\jre\\bin;C:\\Program Files\\TortoiseGit\\bin;D:\\install\\xampp\\php;C:\\ProgramData\\ComposerSetup\\bin;.;;.;'
    'SystemRoot' => 'C:\\Windows'
    'COMSPEC' => 'C:\\Windows\\system32\\cmd.exe'
    'PATHEXT' => '.COM;.EXE;.BAT;.CMD;.VBS;.VBE;.JS;.JSE;.WSF;.WSH;.MSC'
    'WINDIR' => 'C:\\Windows'
    'SERVER_SIGNATURE' => '<address>Apache/2.4.7 (Win32) OpenSSL/1.0.1e PHP/5.5.9 Server at www.weike.com Port 80</address>
'
    'SERVER_SOFTWARE' => 'Apache/2.4.7 (Win32) OpenSSL/1.0.1e PHP/5.5.9'
    'SERVER_NAME' => 'www.weike.com'
    'SERVER_ADDR' => '127.0.0.1'
    'SERVER_PORT' => '80'
    'REMOTE_ADDR' => '127.0.0.1'
    'DOCUMENT_ROOT' => 'E:/weike'
    'REQUEST_SCHEME' => 'http'
    'CONTEXT_PREFIX' => ''
    'CONTEXT_DOCUMENT_ROOT' => 'E:/weike'
    'SERVER_ADMIN' => 'postmaster@localhost'
    'SCRIPT_FILENAME' => 'E:/weike/test/frontend/web/index.php'
    'REMOTE_PORT' => '52502'
    'GATEWAY_INTERFACE' => 'CGI/1.1'
    'SERVER_PROTOCOL' => 'HTTP/1.1'
    'REQUEST_METHOD' => 'GET'
    'QUERY_STRING' => 'r=index/index'
    'REQUEST_URI' => '/test/frontend/web/index.php?r=index/index'
    'SCRIPT_NAME' => '/test/frontend/web/index.php'
    'PHP_SELF' => '/test/frontend/web/index.php'
    'REQUEST_TIME_FLOAT' => 1417680965.538
    'REQUEST_TIME' => 1417680965
]
2014-12-04 09:16:55 [127.0.0.1][-][-][error][yii\base\UnknownClassException] exception 'yii\base\UnknownClassException' with message 'Unable to find 'frontend\controllers\IndexController' in file: E:\weike\test/frontend/controllers/IndexController.php. Namespace missing?' in E:\weike\test\vendor\yiisoft\yii2\BaseYii.php:291
Stack trace:
#0 [internal function]: yii\BaseYii::autoload('frontend\contro...')
#1 [internal function]: spl_autoload_call('frontend\contro...')
#2 E:\weike\test\vendor\yiisoft\yii2\base\Module.php(563): class_exists('frontend\contro...')
#3 E:\weike\test\vendor\yiisoft\yii2\base\Module.php(521): yii\base\Module->createControllerByID('index')
#4 E:\weike\test\vendor\yiisoft\yii2\base\Module.php(449): yii\base\Module->createController('index/index')
#5 E:\weike\test\vendor\yiisoft\yii2\web\Application.php(83): yii\base\Module->runAction('index/index', Array)
#6 E:\weike\test\vendor\yiisoft\yii2\base\Application.php(375): yii\web\Application->handleRequest(Object(yii\web\Request))
#7 E:\weike\test\frontend\web\index.php(18): yii\base\Application->run()
#8 {main}
2014-12-04 09:16:55 [127.0.0.1][-][-][info][application] $_GET = [
    'r' => 'index/index'
]

$_COOKIE = [
    'article_299' => 'exist_299'
    '_csrf' => '5c27e7067f2e8ce4ac98729e324d630319e84e1d99bf94969c0af61198b693des:32:\"ZfzthC8LgyEt0k-WpMIucRpsgJzkEZnl\";'
    'PHPSESSID' => '79ccn8qiamkacgkkq3j4s91302'
]

$_SERVER = [
    'MIBDIRS' => 'D:/install/xampp/php/extras/mibs'
    'MYSQL_HOME' => '\\xampp\\mysql\\bin'
    'OPENSSL_CONF' => 'D:/install/xampp/apache/bin/openssl.cnf'
    'PHP_PEAR_SYSCONF_DIR' => '\\xampp\\php'
    'PHPRC' => '\\xampp\\php'
    'TMP' => '\\xampp\\tmp'
    'HTTP_HOST' => 'www.weike.com'
    'HTTP_USER_AGENT' => 'Mozilla/5.0 (Windows NT 6.1; WOW64; rv:33.0) Gecko/20100101 Firefox/33.0'
    'HTTP_ACCEPT' => 'text/html,application/xhtml+xml,application/xml;q=0.9,*/*;q=0.8'
    'HTTP_ACCEPT_LANGUAGE' => 'zh-cn,zh;q=0.8,en-us;q=0.5,en;q=0.3'
    'HTTP_ACCEPT_ENCODING' => 'gzip, deflate'
    'HTTP_COOKIE' => 'article_299=exist_299; _csrf=5c27e7067f2e8ce4ac98729e324d630319e84e1d99bf94969c0af61198b693des%3A32%3A%22ZfzthC8LgyEt0k-WpMIucRpsgJzkEZnl%22%3B; PHPSESSID=79ccn8qiamkacgkkq3j4s91302'
    'HTTP_CONNECTION' => 'keep-alive'
    'PATH' => 'C:\\ProgramData\\Oracle\\Java\\javapath;C:\\Windows\\system32;C:\\Windows;C:\\Windows\\System32\\Wbem;C:\\Windows\\System32\\WindowsPowerShell\\v1.0\\;D:\\安装\\svn\\bin;%;AVA_HOME%\\bin;D:\\install\\jdk\\jre\\bin;C:\\Program Files\\TortoiseGit\\bin;D:\\install\\xampp\\php;C:\\ProgramData\\ComposerSetup\\bin;.;;.;'
    'SystemRoot' => 'C:\\Windows'
    'COMSPEC' => 'C:\\Windows\\system32\\cmd.exe'
    'PATHEXT' => '.COM;.EXE;.BAT;.CMD;.VBS;.VBE;.JS;.JSE;.WSF;.WSH;.MSC'
    'WINDIR' => 'C:\\Windows'
    'SERVER_SIGNATURE' => '<address>Apache/2.4.7 (Win32) OpenSSL/1.0.1e PHP/5.5.9 Server at www.weike.com Port 80</address>
'
    'SERVER_SOFTWARE' => 'Apache/2.4.7 (Win32) OpenSSL/1.0.1e PHP/5.5.9'
    'SERVER_NAME' => 'www.weike.com'
    'SERVER_ADDR' => '127.0.0.1'
    'SERVER_PORT' => '80'
    'REMOTE_ADDR' => '127.0.0.1'
    'DOCUMENT_ROOT' => 'E:/weike'
    'REQUEST_SCHEME' => 'http'
    'CONTEXT_PREFIX' => ''
    'CONTEXT_DOCUMENT_ROOT' => 'E:/weike'
    'SERVER_ADMIN' => 'postmaster@localhost'
    'SCRIPT_FILENAME' => 'E:/weike/test/frontend/web/index.php'
    'REMOTE_PORT' => '52508'
    'GATEWAY_INTERFACE' => 'CGI/1.1'
    'SERVER_PROTOCOL' => 'HTTP/1.1'
    'REQUEST_METHOD' => 'GET'
    'QUERY_STRING' => 'r=index/index'
    'REQUEST_URI' => '/test/frontend/web/index.php?r=index/index'
    'SCRIPT_NAME' => '/test/frontend/web/index.php'
    'PHP_SELF' => '/test/frontend/web/index.php'
    'REQUEST_TIME_FLOAT' => 1417681015.248
    'REQUEST_TIME' => 1417681015
]
2014-12-04 09:16:57 [127.0.0.1][-][-][error][yii\base\UnknownClassException] exception 'yii\base\UnknownClassException' with message 'Unable to find 'frontend\controllers\IndexController' in file: E:\weike\test/frontend/controllers/IndexController.php. Namespace missing?' in E:\weike\test\vendor\yiisoft\yii2\BaseYii.php:291
Stack trace:
#0 [internal function]: yii\BaseYii::autoload('frontend\contro...')
#1 [internal function]: spl_autoload_call('frontend\contro...')
#2 E:\weike\test\vendor\yiisoft\yii2\base\Module.php(563): class_exists('frontend\contro...')
#3 E:\weike\test\vendor\yiisoft\yii2\base\Module.php(521): yii\base\Module->createControllerByID('index')
#4 E:\weike\test\vendor\yiisoft\yii2\base\Module.php(449): yii\base\Module->createController('index/index')
#5 E:\weike\test\vendor\yiisoft\yii2\web\Application.php(83): yii\base\Module->runAction('index/index', Array)
#6 E:\weike\test\vendor\yiisoft\yii2\base\Application.php(375): yii\web\Application->handleRequest(Object(yii\web\Request))
#7 E:\weike\test\frontend\web\index.php(18): yii\base\Application->run()
#8 {main}
2014-12-04 09:16:57 [127.0.0.1][-][-][info][application] $_GET = [
    'r' => 'index/index'
]

$_COOKIE = [
    'article_299' => 'exist_299'
    '_csrf' => '5c27e7067f2e8ce4ac98729e324d630319e84e1d99bf94969c0af61198b693des:32:\"ZfzthC8LgyEt0k-WpMIucRpsgJzkEZnl\";'
    'PHPSESSID' => '79ccn8qiamkacgkkq3j4s91302'
]

$_SERVER = [
    'MIBDIRS' => 'D:/install/xampp/php/extras/mibs'
    'MYSQL_HOME' => '\\xampp\\mysql\\bin'
    'OPENSSL_CONF' => 'D:/install/xampp/apache/bin/openssl.cnf'
    'PHP_PEAR_SYSCONF_DIR' => '\\xampp\\php'
    'PHPRC' => '\\xampp\\php'
    'TMP' => '\\xampp\\tmp'
    'HTTP_HOST' => 'www.weike.com'
    'HTTP_USER_AGENT' => 'Mozilla/5.0 (Windows NT 6.1; WOW64; rv:33.0) Gecko/20100101 Firefox/33.0'
    'HTTP_ACCEPT' => 'text/html,application/xhtml+xml,application/xml;q=0.9,*/*;q=0.8'
    'HTTP_ACCEPT_LANGUAGE' => 'zh-cn,zh;q=0.8,en-us;q=0.5,en;q=0.3'
    'HTTP_ACCEPT_ENCODING' => 'gzip, deflate'
    'HTTP_COOKIE' => 'article_299=exist_299; _csrf=5c27e7067f2e8ce4ac98729e324d630319e84e1d99bf94969c0af61198b693des%3A32%3A%22ZfzthC8LgyEt0k-WpMIucRpsgJzkEZnl%22%3B; PHPSESSID=79ccn8qiamkacgkkq3j4s91302'
    'HTTP_CONNECTION' => 'keep-alive'
    'PATH' => 'C:\\ProgramData\\Oracle\\Java\\javapath;C:\\Windows\\system32;C:\\Windows;C:\\Windows\\System32\\Wbem;C:\\Windows\\System32\\WindowsPowerShell\\v1.0\\;D:\\安装\\svn\\bin;%;AVA_HOME%\\bin;D:\\install\\jdk\\jre\\bin;C:\\Program Files\\TortoiseGit\\bin;D:\\install\\xampp\\php;C:\\ProgramData\\ComposerSetup\\bin;.;;.;'
    'SystemRoot' => 'C:\\Windows'
    'COMSPEC' => 'C:\\Windows\\system32\\cmd.exe'
    'PATHEXT' => '.COM;.EXE;.BAT;.CMD;.VBS;.VBE;.JS;.JSE;.WSF;.WSH;.MSC'
    'WINDIR' => 'C:\\Windows'
    'SERVER_SIGNATURE' => '<address>Apache/2.4.7 (Win32) OpenSSL/1.0.1e PHP/5.5.9 Server at www.weike.com Port 80</address>
'
    'SERVER_SOFTWARE' => 'Apache/2.4.7 (Win32) OpenSSL/1.0.1e PHP/5.5.9'
    'SERVER_NAME' => 'www.weike.com'
    'SERVER_ADDR' => '127.0.0.1'
    'SERVER_PORT' => '80'
    'REMOTE_ADDR' => '127.0.0.1'
    'DOCUMENT_ROOT' => 'E:/weike'
    'REQUEST_SCHEME' => 'http'
    'CONTEXT_PREFIX' => ''
    'CONTEXT_DOCUMENT_ROOT' => 'E:/weike'
    'SERVER_ADMIN' => 'postmaster@localhost'
    'SCRIPT_FILENAME' => 'E:/weike/test/frontend/web/index.php'
    'REMOTE_PORT' => '52509'
    'GATEWAY_INTERFACE' => 'CGI/1.1'
    'SERVER_PROTOCOL' => 'HTTP/1.1'
    'REQUEST_METHOD' => 'GET'
    'QUERY_STRING' => 'r=index/index'
    'REQUEST_URI' => '/test/frontend/web/index.php?r=index/index'
    'SCRIPT_NAME' => '/test/frontend/web/index.php'
    'PHP_SELF' => '/test/frontend/web/index.php'
    'REQUEST_TIME_FLOAT' => 1417681017.328
    'REQUEST_TIME' => 1417681017
]
2014-12-04 09:16:59 [127.0.0.1][-][-][error][yii\base\UnknownClassException] exception 'yii\base\UnknownClassException' with message 'Unable to find 'frontend\controllers\IndexController' in file: E:\weike\test/frontend/controllers/IndexController.php. Namespace missing?' in E:\weike\test\vendor\yiisoft\yii2\BaseYii.php:291
Stack trace:
#0 [internal function]: yii\BaseYii::autoload('frontend\contro...')
#1 [internal function]: spl_autoload_call('frontend\contro...')
#2 E:\weike\test\vendor\yiisoft\yii2\base\Module.php(563): class_exists('frontend\contro...')
#3 E:\weike\test\vendor\yiisoft\yii2\base\Module.php(521): yii\base\Module->createControllerByID('index')
#4 E:\weike\test\vendor\yiisoft\yii2\base\Module.php(449): yii\base\Module->createController('index/index')
#5 E:\weike\test\vendor\yiisoft\yii2\web\Application.php(83): yii\base\Module->runAction('index/index', Array)
#6 E:\weike\test\vendor\yiisoft\yii2\base\Application.php(375): yii\web\Application->handleRequest(Object(yii\web\Request))
#7 E:\weike\test\frontend\web\index.php(18): yii\base\Application->run()
#8 {main}
2014-12-04 09:16:59 [127.0.0.1][-][-][info][application] $_GET = [
    'r' => 'index/index'
]

$_COOKIE = [
    'article_299' => 'exist_299'
    '_csrf' => '5c27e7067f2e8ce4ac98729e324d630319e84e1d99bf94969c0af61198b693des:32:\"ZfzthC8LgyEt0k-WpMIucRpsgJzkEZnl\";'
    'PHPSESSID' => '79ccn8qiamkacgkkq3j4s91302'
]

$_SERVER = [
    'MIBDIRS' => 'D:/install/xampp/php/extras/mibs'
    'MYSQL_HOME' => '\\xampp\\mysql\\bin'
    'OPENSSL_CONF' => 'D:/install/xampp/apache/bin/openssl.cnf'
    'PHP_PEAR_SYSCONF_DIR' => '\\xampp\\php'
    'PHPRC' => '\\xampp\\php'
    'TMP' => '\\xampp\\tmp'
    'HTTP_HOST' => 'www.weike.com'
    'HTTP_USER_AGENT' => 'Mozilla/5.0 (Windows NT 6.1; WOW64; rv:33.0) Gecko/20100101 Firefox/33.0'
    'HTTP_ACCEPT' => 'text/html,application/xhtml+xml,application/xml;q=0.9,*/*;q=0.8'
    'HTTP_ACCEPT_LANGUAGE' => 'zh-cn,zh;q=0.8,en-us;q=0.5,en;q=0.3'
    'HTTP_ACCEPT_ENCODING' => 'gzip, deflate'
    'HTTP_COOKIE' => 'article_299=exist_299; _csrf=5c27e7067f2e8ce4ac98729e324d630319e84e1d99bf94969c0af61198b693des%3A32%3A%22ZfzthC8LgyEt0k-WpMIucRpsgJzkEZnl%22%3B; PHPSESSID=79ccn8qiamkacgkkq3j4s91302'
    'HTTP_CONNECTION' => 'keep-alive'
    'PATH' => 'C:\\ProgramData\\Oracle\\Java\\javapath;C:\\Windows\\system32;C:\\Windows;C:\\Windows\\System32\\Wbem;C:\\Windows\\System32\\WindowsPowerShell\\v1.0\\;D:\\安装\\svn\\bin;%;AVA_HOME%\\bin;D:\\install\\jdk\\jre\\bin;C:\\Program Files\\TortoiseGit\\bin;D:\\install\\xampp\\php;C:\\ProgramData\\ComposerSetup\\bin;.;;.;'
    'SystemRoot' => 'C:\\Windows'
    'COMSPEC' => 'C:\\Windows\\system32\\cmd.exe'
    'PATHEXT' => '.COM;.EXE;.BAT;.CMD;.VBS;.VBE;.JS;.JSE;.WSF;.WSH;.MSC'
    'WINDIR' => 'C:\\Windows'
    'SERVER_SIGNATURE' => '<address>Apache/2.4.7 (Win32) OpenSSL/1.0.1e PHP/5.5.9 Server at www.weike.com Port 80</address>
'
    'SERVER_SOFTWARE' => 'Apache/2.4.7 (Win32) OpenSSL/1.0.1e PHP/5.5.9'
    'SERVER_NAME' => 'www.weike.com'
    'SERVER_ADDR' => '127.0.0.1'
    'SERVER_PORT' => '80'
    'REMOTE_ADDR' => '127.0.0.1'
    'DOCUMENT_ROOT' => 'E:/weike'
    'REQUEST_SCHEME' => 'http'
    'CONTEXT_PREFIX' => ''
    'CONTEXT_DOCUMENT_ROOT' => 'E:/weike'
    'SERVER_ADMIN' => 'postmaster@localhost'
    'SCRIPT_FILENAME' => 'E:/weike/test/frontend/web/index.php'
    'REMOTE_PORT' => '52510'
    'GATEWAY_INTERFACE' => 'CGI/1.1'
    'SERVER_PROTOCOL' => 'HTTP/1.1'
    'REQUEST_METHOD' => 'GET'
    'QUERY_STRING' => 'r=index/index'
    'REQUEST_URI' => '/test/frontend/web/index.php?r=index/index'
    'SCRIPT_NAME' => '/test/frontend/web/index.php'
    'PHP_SELF' => '/test/frontend/web/index.php'
    'REQUEST_TIME_FLOAT' => 1417681019.628
    'REQUEST_TIME' => 1417681019
]
2014-12-04 09:36:10 [127.0.0.1][][-][error][yii\web\HttpException:404] exception 'yii\base\InvalidRouteException' with message 'Unable to resolve the request "inded".' in E:\weike\test\vendor\yiisoft\yii2\base\Module.php:461
Stack trace:
#0 E:\weike\test\vendor\yiisoft\yii2\web\Application.php(83): yii\base\Module->runAction('inded', Array)
#1 E:\weike\test\vendor\yiisoft\yii2\base\Application.php(375): yii\web\Application->handleRequest(Object(yii\web\Request))
#2 E:\weike\test\frontend\web\index.php(18): yii\base\Application->run()
#3 {main}

Next exception 'yii\web\NotFoundHttpException' with message 'Unable to resolve the request "inded".' in E:\weike\test\vendor\yiisoft\yii2\web\Application.php:95
Stack trace:
#0 E:\weike\test\vendor\yiisoft\yii2\base\Application.php(375): yii\web\Application->handleRequest(Object(yii\web\Request))
#1 E:\weike\test\frontend\web\index.php(18): yii\base\Application->run()
#2 {main}
2014-12-04 09:36:09 [127.0.0.1][][-][info][application] $_GET = [
    'r' => 'inded'
]

$_COOKIE = [
    'article_299' => 'exist_299'
    '_csrf' => '5c27e7067f2e8ce4ac98729e324d630319e84e1d99bf94969c0af61198b693des:32:\"ZfzthC8LgyEt0k-WpMIucRpsgJzkEZnl\";'
    'PHPSESSID' => '79ccn8qiamkacgkkq3j4s91302'
]

$_SESSION = [
    '__flash' => []
]

$_SERVER = [
    'MIBDIRS' => 'D:/install/xampp/php/extras/mibs'
    'MYSQL_HOME' => '\\xampp\\mysql\\bin'
    'OPENSSL_CONF' => 'D:/install/xampp/apache/bin/openssl.cnf'
    'PHP_PEAR_SYSCONF_DIR' => '\\xampp\\php'
    'PHPRC' => '\\xampp\\php'
    'TMP' => '\\xampp\\tmp'
    'HTTP_HOST' => 'www.weike.com'
    'HTTP_USER_AGENT' => 'Mozilla/5.0 (Windows NT 6.1; WOW64; rv:33.0) Gecko/20100101 Firefox/33.0'
    'HTTP_ACCEPT' => 'text/html,application/xhtml+xml,application/xml;q=0.9,*/*;q=0.8'
    'HTTP_ACCEPT_LANGUAGE' => 'zh-cn,zh;q=0.8,en-us;q=0.5,en;q=0.3'
    'HTTP_ACCEPT_ENCODING' => 'gzip, deflate'
    'HTTP_COOKIE' => 'article_299=exist_299; _csrf=5c27e7067f2e8ce4ac98729e324d630319e84e1d99bf94969c0af61198b693des%3A32%3A%22ZfzthC8LgyEt0k-WpMIucRpsgJzkEZnl%22%3B; PHPSESSID=79ccn8qiamkacgkkq3j4s91302'
    'HTTP_CONNECTION' => 'keep-alive'
    'PATH' => 'C:\\ProgramData\\Oracle\\Java\\javapath;C:\\Windows\\system32;C:\\Windows;C:\\Windows\\System32\\Wbem;C:\\Windows\\System32\\WindowsPowerShell\\v1.0\\;D:\\安装\\svn\\bin;%;AVA_HOME%\\bin;D:\\install\\jdk\\jre\\bin;C:\\Program Files\\TortoiseGit\\bin;D:\\install\\xampp\\php;C:\\ProgramData\\ComposerSetup\\bin;.;;.;'
    'SystemRoot' => 'C:\\Windows'
    'COMSPEC' => 'C:\\Windows\\system32\\cmd.exe'
    'PATHEXT' => '.COM;.EXE;.BAT;.CMD;.VBS;.VBE;.JS;.JSE;.WSF;.WSH;.MSC'
    'WINDIR' => 'C:\\Windows'
    'SERVER_SIGNATURE' => '<address>Apache/2.4.7 (Win32) OpenSSL/1.0.1e PHP/5.5.9 Server at www.weike.com Port 80</address>
'
    'SERVER_SOFTWARE' => 'Apache/2.4.7 (Win32) OpenSSL/1.0.1e PHP/5.5.9'
    'SERVER_NAME' => 'www.weike.com'
    'SERVER_ADDR' => '127.0.0.1'
    'SERVER_PORT' => '80'
    'REMOTE_ADDR' => '127.0.0.1'
    'DOCUMENT_ROOT' => 'E:/weike'
    'REQUEST_SCHEME' => 'http'
    'CONTEXT_PREFIX' => ''
    'CONTEXT_DOCUMENT_ROOT' => 'E:/weike'
    'SERVER_ADMIN' => 'postmaster@localhost'
    'SCRIPT_FILENAME' => 'E:/weike/test/frontend/web/index.php'
    'REMOTE_PORT' => '52647'
    'GATEWAY_INTERFACE' => 'CGI/1.1'
    'SERVER_PROTOCOL' => 'HTTP/1.1'
    'REQUEST_METHOD' => 'GET'
    'QUERY_STRING' => 'r=inded'
    'REQUEST_URI' => '/test/frontend/web/index.php?r=inded'
    'SCRIPT_NAME' => '/test/frontend/web/index.php'
    'PHP_SELF' => '/test/frontend/web/index.php'
    'REQUEST_TIME_FLOAT' => 1417682169.838
    'REQUEST_TIME' => 1417682169
]
2014-12-05 03:49:22 [127.0.0.1][-][-][error][yii\base\ErrorException:4] exception 'yii\base\ErrorException' with message 'syntax error, unexpected '>'' in E:\weike\test\frontend\views\layouts\main.php:353
Stack trace:
#0 [internal function]: yii\base\ErrorHandler->handleFatalError()
#1 {main}
2014-12-05 03:49:21 [127.0.0.1][-][-][info][application] $_GET = [
    'r' => 'index/index'
]

$_COOKIE = [
    'PHPSESSID' => 't10r6bjgoqm8ddkl6edl1gldt4'
]

$_SERVER = [
    'MIBDIRS' => 'D:/install/xampp/php/extras/mibs'
    'MYSQL_HOME' => '\\xampp\\mysql\\bin'
    'OPENSSL_CONF' => 'D:/install/xampp/apache/bin/openssl.cnf'
    'PHP_PEAR_SYSCONF_DIR' => '\\xampp\\php'
    'PHPRC' => '\\xampp\\php'
    'TMP' => '\\xampp\\tmp'
    'HTTP_HOST' => 'www.weike.com'
    'HTTP_USER_AGENT' => 'Mozilla/5.0 (Windows NT 6.1; WOW64; rv:33.0) Gecko/20100101 Firefox/33.0'
    'HTTP_ACCEPT' => 'text/html,application/xhtml+xml,application/xml;q=0.9,*/*;q=0.8'
    'HTTP_ACCEPT_LANGUAGE' => 'zh-cn,zh;q=0.8,en-us;q=0.5,en;q=0.3'
    'HTTP_ACCEPT_ENCODING' => 'gzip, deflate'
    'HTTP_COOKIE' => 'PHPSESSID=t10r6bjgoqm8ddkl6edl1gldt4'
    'HTTP_CONNECTION' => 'keep-alive'
    'PATH' => 'C:\\ProgramData\\Oracle\\Java\\javapath;C:\\Windows\\system32;C:\\Windows;C:\\Windows\\System32\\Wbem;C:\\Windows\\System32\\WindowsPowerShell\\v1.0\\;D:\\安装\\svn\\bin;%;AVA_HOME%\\bin;D:\\install\\jdk\\jre\\bin;C:\\Program Files\\TortoiseGit\\bin;D:\\install\\xampp\\php;C:\\ProgramData\\ComposerSetup\\bin;.;;.;'
    'SystemRoot' => 'C:\\Windows'
    'COMSPEC' => 'C:\\Windows\\system32\\cmd.exe'
    'PATHEXT' => '.COM;.EXE;.BAT;.CMD;.VBS;.VBE;.JS;.JSE;.WSF;.WSH;.MSC'
    'WINDIR' => 'C:\\Windows'
    'SERVER_SIGNATURE' => '<address>Apache/2.4.7 (Win32) OpenSSL/1.0.1e PHP/5.5.9 Server at www.weike.com Port 80</address>
'
    'SERVER_SOFTWARE' => 'Apache/2.4.7 (Win32) OpenSSL/1.0.1e PHP/5.5.9'
    'SERVER_NAME' => 'www.weike.com'
    'SERVER_ADDR' => '127.0.0.1'
    'SERVER_PORT' => '80'
    'REMOTE_ADDR' => '127.0.0.1'
    'DOCUMENT_ROOT' => 'E:/weike'
    'REQUEST_SCHEME' => 'http'
    'CONTEXT_PREFIX' => ''
    'CONTEXT_DOCUMENT_ROOT' => 'E:/weike'
    'SERVER_ADMIN' => 'postmaster@localhost'
    'SCRIPT_FILENAME' => 'E:/weike/test/frontend/web/index.php'
    'REMOTE_PORT' => '51927'
    'GATEWAY_INTERFACE' => 'CGI/1.1'
    'SERVER_PROTOCOL' => 'HTTP/1.1'
    'REQUEST_METHOD' => 'GET'
    'QUERY_STRING' => 'r=index/index'
    'REQUEST_URI' => '/test/frontend/web/index.php?r=index/index'
    'SCRIPT_NAME' => '/test/frontend/web/index.php'
    'PHP_SELF' => '/test/frontend/web/index.php'
    'REQUEST_TIME_FLOAT' => 1417747761.85
    'REQUEST_TIME' => 1417747761
]
2014-12-05 03:52:23 [127.0.0.1][-][-][error][yii\base\ErrorException:64] exception 'yii\base\ErrorException' with message 'Cannot use yii\helpers\Html as Html because the name is already in use' in E:\weike\test\frontend\views\layouts\main.php:15
Stack trace:
#0 [internal function]: yii\base\ErrorHandler->handleFatalError()
#1 {main}
2014-12-05 03:52:22 [127.0.0.1][-][-][info][application] $_GET = [
    'r' => 'index/index'
]

$_COOKIE = [
    'PHPSESSID' => 't10r6bjgoqm8ddkl6edl1gldt4'
]

$_SERVER = [
    'MIBDIRS' => 'D:/install/xampp/php/extras/mibs'
    'MYSQL_HOME' => '\\xampp\\mysql\\bin'
    'OPENSSL_CONF' => 'D:/install/xampp/apache/bin/openssl.cnf'
    'PHP_PEAR_SYSCONF_DIR' => '\\xampp\\php'
    'PHPRC' => '\\xampp\\php'
    'TMP' => '\\xampp\\tmp'
    'HTTP_HOST' => 'www.weike.com'
    'HTTP_USER_AGENT' => 'Mozilla/5.0 (Windows NT 6.1; WOW64; rv:33.0) Gecko/20100101 Firefox/33.0'
    'HTTP_ACCEPT' => 'text/html,application/xhtml+xml,application/xml;q=0.9,*/*;q=0.8'
    'HTTP_ACCEPT_LANGUAGE' => 'zh-cn,zh;q=0.8,en-us;q=0.5,en;q=0.3'
    'HTTP_ACCEPT_ENCODING' => 'gzip, deflate'
    'HTTP_COOKIE' => 'PHPSESSID=t10r6bjgoqm8ddkl6edl1gldt4'
    'HTTP_CONNECTION' => 'keep-alive'
    'PATH' => 'C:\\ProgramData\\Oracle\\Java\\javapath;C:\\Windows\\system32;C:\\Windows;C:\\Windows\\System32\\Wbem;C:\\Windows\\System32\\WindowsPowerShell\\v1.0\\;D:\\安装\\svn\\bin;%;AVA_HOME%\\bin;D:\\install\\jdk\\jre\\bin;C:\\Program Files\\TortoiseGit\\bin;D:\\install\\xampp\\php;C:\\ProgramData\\ComposerSetup\\bin;.;;.;'
    'SystemRoot' => 'C:\\Windows'
    'COMSPEC' => 'C:\\Windows\\system32\\cmd.exe'
    'PATHEXT' => '.COM;.EXE;.BAT;.CMD;.VBS;.VBE;.JS;.JSE;.WSF;.WSH;.MSC'
    'WINDIR' => 'C:\\Windows'
    'SERVER_SIGNATURE' => '<address>Apache/2.4.7 (Win32) OpenSSL/1.0.1e PHP/5.5.9 Server at www.weike.com Port 80</address>
'
    'SERVER_SOFTWARE' => 'Apache/2.4.7 (Win32) OpenSSL/1.0.1e PHP/5.5.9'
    'SERVER_NAME' => 'www.weike.com'
    'SERVER_ADDR' => '127.0.0.1'
    'SERVER_PORT' => '80'
    'REMOTE_ADDR' => '127.0.0.1'
    'DOCUMENT_ROOT' => 'E:/weike'
    'REQUEST_SCHEME' => 'http'
    'CONTEXT_PREFIX' => ''
    'CONTEXT_DOCUMENT_ROOT' => 'E:/weike'
    'SERVER_ADMIN' => 'postmaster@localhost'
    'SCRIPT_FILENAME' => 'E:/weike/test/frontend/web/index.php'
    'REMOTE_PORT' => '51959'
    'GATEWAY_INTERFACE' => 'CGI/1.1'
    'SERVER_PROTOCOL' => 'HTTP/1.1'
    'REQUEST_METHOD' => 'GET'
    'QUERY_STRING' => 'r=index/index'
    'REQUEST_URI' => '/test/frontend/web/index.php?r=index/index'
    'SCRIPT_NAME' => '/test/frontend/web/index.php'
    'PHP_SELF' => '/test/frontend/web/index.php'
    'REQUEST_TIME_FLOAT' => 1417747942.832
    'REQUEST_TIME' => 1417747942
]
2014-12-05 09:22:27 [127.0.0.1][][t10r6bjgoqm8ddkl6edl1gldt4][warning][yii\log\Dispatcher::dispatch] Unable to send log via yii\debug\LogTarget: PHP Notice 'yii\base\ErrorException' with message 'unserialize(): Error at offset 0 of 29705 bytes' 

in E:\weike\sizu\vendor\yiisoft\yii2-debug\LogTarget.php:86

Stack trace:
#0 [internal function]: yii\base\ErrorHandler->handleError(8, 'unserialize(): ...', 'E:\weike\sizu\v...', 86, Array)
#1 E:\weike\sizu\vendor\yiisoft\yii2-debug\LogTarget.php(86): unserialize('<<<<<<< HEAD?a:...')
#2 E:\weike\sizu\vendor\yiisoft\yii2-debug\LogTarget.php(61): yii\debug\LogTarget->updateIndexFile('E:\weike\sizu\f...', Array)
#3 E:\weike\sizu\vendor\yiisoft\yii2-debug\LogTarget.php(112): yii\debug\LogTarget->export(Array)
#4 E:\weike\sizu\vendor\yiisoft\yii2\log\Dispatcher.php(183): yii\debug\LogTarget->collect(Array, true)
#5 E:\weike\sizu\vendor\yiisoft\yii2\log\Logger.php(166): yii\log\Dispatcher->dispatch(Array, true)
#6 [internal function]: yii\log\Logger->flush(true)
#7 {main}
2014-12-05 09:22:27 [127.0.0.1][][t10r6bjgoqm8ddkl6edl1gldt4][info][application] $_COOKIE = [
    'PHPSESSID' => 't10r6bjgoqm8ddkl6edl1gldt4'
    '_csrf' => '3d9e23aa93846bf28a7b95039c14fabf15fafcbe0dd704eb5c187c786ed75e96s:32:\"79tkKilTArHSEzvBjf1umTvo0Mn70w6c\";'
]

$_SESSION = [
    '__flash' => []
    '__returnUrl' => '/test/backend/web/index.php'
]

$_SERVER = [
    'MIBDIRS' => 'D:/install/xampp/php/extras/mibs'
    'MYSQL_HOME' => '\\xampp\\mysql\\bin'
    'OPENSSL_CONF' => 'D:/install/xampp/apache/bin/openssl.cnf'
    'PHP_PEAR_SYSCONF_DIR' => '\\xampp\\php'
    'PHPRC' => '\\xampp\\php'
    'TMP' => '\\xampp\\tmp'
    'HTTP_HOST' => 'www.weike.com'
    'HTTP_USER_AGENT' => 'Mozilla/5.0 (Windows NT 6.1; WOW64; rv:33.0) Gecko/20100101 Firefox/33.0'
    'HTTP_ACCEPT' => 'text/html,application/xhtml+xml,application/xml;q=0.9,*/*;q=0.8'
    'HTTP_ACCEPT_LANGUAGE' => 'zh-cn,zh;q=0.8,en-us;q=0.5,en;q=0.3'
    'HTTP_ACCEPT_ENCODING' => 'gzip, deflate'
    'HTTP_REFERER' => 'http://www.weike.com/sizu/frontend/'
    'HTTP_COOKIE' => 'PHPSESSID=t10r6bjgoqm8ddkl6edl1gldt4; _csrf=3d9e23aa93846bf28a7b95039c14fabf15fafcbe0dd704eb5c187c786ed75e96s%3A32%3A%2279tkKilTArHSEzvBjf1umTvo0Mn70w6c%22%3B'
    'HTTP_CONNECTION' => 'keep-alive'
    'PATH' => 'C:\\ProgramData\\Oracle\\Java\\javapath;C:\\Windows\\system32;C:\\Windows;C:\\Windows\\System32\\Wbem;C:\\Windows\\System32\\WindowsPowerShell\\v1.0\\;D:\\安装\\svn\\bin;%;AVA_HOME%\\bin;D:\\install\\jdk\\jre\\bin;C:\\Program Files\\TortoiseGit\\bin;D:\\install\\xampp\\php;C:\\ProgramData\\ComposerSetup\\bin;.;;.;'
    'SystemRoot' => 'C:\\Windows'
    'COMSPEC' => 'C:\\Windows\\system32\\cmd.exe'
    'PATHEXT' => '.COM;.EXE;.BAT;.CMD;.VBS;.VBE;.JS;.JSE;.WSF;.WSH;.MSC'
    'WINDIR' => 'C:\\Windows'
    'SERVER_SIGNATURE' => '<address>Apache/2.4.7 (Win32) OpenSSL/1.0.1e PHP/5.5.9 Server at www.weike.com Port 80</address>
'
    'SERVER_SOFTWARE' => 'Apache/2.4.7 (Win32) OpenSSL/1.0.1e PHP/5.5.9'
    'SERVER_NAME' => 'www.weike.com'
    'SERVER_ADDR' => '127.0.0.1'
    'SERVER_PORT' => '80'
    'REMOTE_ADDR' => '127.0.0.1'
    'DOCUMENT_ROOT' => 'E:/weike'
    'REQUEST_SCHEME' => 'http'
    'CONTEXT_PREFIX' => ''
    'CONTEXT_DOCUMENT_ROOT' => 'E:/weike'
    'SERVER_ADMIN' => 'postmaster@localhost'
    'SCRIPT_FILENAME' => 'E:/weike/sizu/frontend/web/index.php'
    'REMOTE_PORT' => '59062'
    'GATEWAY_INTERFACE' => 'CGI/1.1'
    'SERVER_PROTOCOL' => 'HTTP/1.1'
    'REQUEST_METHOD' => 'GET'
    'QUERY_STRING' => ''
    'REQUEST_URI' => '/sizu/frontend/web/'
    'SCRIPT_NAME' => '/sizu/frontend/web/index.php'
    'PHP_SELF' => '/sizu/frontend/web/index.php'
    'REQUEST_TIME_FLOAT' => 1417767747.458
    'REQUEST_TIME' => 1417767747
]
2014-12-05 09:22:34 [127.0.0.1][][t10r6bjgoqm8ddkl6edl1gldt4][warning][yii\log\Dispatcher::dispatch] Unable to send log via yii\debug\LogTarget: PHP Notice 'yii\base\ErrorException' with message 'unserialize(): Error at offset 0 of 29705 bytes' 

in E:\weike\sizu\vendor\yiisoft\yii2-debug\LogTarget.php:86

Stack trace:
#0 [internal function]: yii\base\ErrorHandler->handleError(8, 'unserialize(): ...', 'E:\weike\sizu\v...', 86, Array)
#1 E:\weike\sizu\vendor\yiisoft\yii2-debug\LogTarget.php(86): unserialize('<<<<<<< HEAD?a:...')
#2 E:\weike\sizu\vendor\yiisoft\yii2-debug\LogTarget.php(61): yii\debug\LogTarget->updateIndexFile('E:\weike\sizu\f...', Array)
#3 E:\weike\sizu\vendor\yiisoft\yii2-debug\LogTarget.php(112): yii\debug\LogTarget->export(Array)
#4 E:\weike\sizu\vendor\yiisoft\yii2\log\Dispatcher.php(183): yii\debug\LogTarget->collect(Array, true)
#5 E:\weike\sizu\vendor\yiisoft\yii2\log\Logger.php(166): yii\log\Dispatcher->dispatch(Array, true)
#6 [internal function]: yii\log\Logger->flush(true)
#7 {main}
2014-12-05 09:22:34 [127.0.0.1][][t10r6bjgoqm8ddkl6edl1gldt4][info][application] $_COOKIE = [
    'PHPSESSID' => 't10r6bjgoqm8ddkl6edl1gldt4'
    '_csrf' => '3d9e23aa93846bf28a7b95039c14fabf15fafcbe0dd704eb5c187c786ed75e96s:32:\"79tkKilTArHSEzvBjf1umTvo0Mn70w6c\";'
]

$_SESSION = [
    '__flash' => []
    '__returnUrl' => '/test/backend/web/index.php'
]

$_SERVER = [
    'MIBDIRS' => 'D:/install/xampp/php/extras/mibs'
    'MYSQL_HOME' => '\\xampp\\mysql\\bin'
    'OPENSSL_CONF' => 'D:/install/xampp/apache/bin/openssl.cnf'
    'PHP_PEAR_SYSCONF_DIR' => '\\xampp\\php'
    'PHPRC' => '\\xampp\\php'
    'TMP' => '\\xampp\\tmp'
    'HTTP_HOST' => 'www.weike.com'
    'HTTP_USER_AGENT' => 'Mozilla/5.0 (Windows NT 6.1; WOW64; rv:33.0) Gecko/20100101 Firefox/33.0'
    'HTTP_ACCEPT' => 'text/html,application/xhtml+xml,application/xml;q=0.9,*/*;q=0.8'
    'HTTP_ACCEPT_LANGUAGE' => 'zh-cn,zh;q=0.8,en-us;q=0.5,en;q=0.3'
    'HTTP_ACCEPT_ENCODING' => 'gzip, deflate'
    'HTTP_COOKIE' => 'PHPSESSID=t10r6bjgoqm8ddkl6edl1gldt4; _csrf=3d9e23aa93846bf28a7b95039c14fabf15fafcbe0dd704eb5c187c786ed75e96s%3A32%3A%2279tkKilTArHSEzvBjf1umTvo0Mn70w6c%22%3B'
    'HTTP_CONNECTION' => 'keep-alive'
    'PATH' => 'C:\\ProgramData\\Oracle\\Java\\javapath;C:\\Windows\\system32;C:\\Windows;C:\\Windows\\System32\\Wbem;C:\\Windows\\System32\\WindowsPowerShell\\v1.0\\;D:\\安装\\svn\\bin;%;AVA_HOME%\\bin;D:\\install\\jdk\\jre\\bin;C:\\Program Files\\TortoiseGit\\bin;D:\\install\\xampp\\php;C:\\ProgramData\\ComposerSetup\\bin;.;;.;'
    'SystemRoot' => 'C:\\Windows'
    'COMSPEC' => 'C:\\Windows\\system32\\cmd.exe'
    'PATHEXT' => '.COM;.EXE;.BAT;.CMD;.VBS;.VBE;.JS;.JSE;.WSF;.WSH;.MSC'
    'WINDIR' => 'C:\\Windows'
    'SERVER_SIGNATURE' => '<address>Apache/2.4.7 (Win32) OpenSSL/1.0.1e PHP/5.5.9 Server at www.weike.com Port 80</address>
'
    'SERVER_SOFTWARE' => 'Apache/2.4.7 (Win32) OpenSSL/1.0.1e PHP/5.5.9'
    'SERVER_NAME' => 'www.weike.com'
    'SERVER_ADDR' => '127.0.0.1'
    'SERVER_PORT' => '80'
    'REMOTE_ADDR' => '127.0.0.1'
    'DOCUMENT_ROOT' => 'E:/weike'
    'REQUEST_SCHEME' => 'http'
    'CONTEXT_PREFIX' => ''
    'CONTEXT_DOCUMENT_ROOT' => 'E:/weike'
    'SERVER_ADMIN' => 'postmaster@localhost'
    'SCRIPT_FILENAME' => 'E:/weike/sizu/frontend/web/index.php'
    'REMOTE_PORT' => '59070'
    'GATEWAY_INTERFACE' => 'CGI/1.1'
    'SERVER_PROTOCOL' => 'HTTP/1.1'
    'REQUEST_METHOD' => 'GET'
    'QUERY_STRING' => ''
    'REQUEST_URI' => '/sizu/frontend/web/index.php'
    'SCRIPT_NAME' => '/sizu/frontend/web/index.php'
    'PHP_SELF' => '/sizu/frontend/web/index.php'
    'REQUEST_TIME_FLOAT' => 1417767754.594
    'REQUEST_TIME' => 1417767754
]
2014-12-05 09:22:41 [127.0.0.1][-][t10r6bjgoqm8ddkl6edl1gldt4][warning][yii\log\Dispatcher::dispatch] Unable to send log via yii\debug\LogTarget: PHP Notice 'yii\base\ErrorException' with message 'unserialize(): Error at offset 0 of 29705 bytes' 

in E:\weike\sizu\vendor\yiisoft\yii2-debug\LogTarget.php:86

Stack trace:
#0 [internal function]: yii\base\ErrorHandler->handleError(8, 'unserialize(): ...', 'E:\weike\sizu\v...', 86, Array)
#1 E:\weike\sizu\vendor\yiisoft\yii2-debug\LogTarget.php(86): unserialize('<<<<<<< HEAD?a:...')
#2 E:\weike\sizu\vendor\yiisoft\yii2-debug\LogTarget.php(61): yii\debug\LogTarget->updateIndexFile('E:\weike\sizu\f...', Array)
#3 E:\weike\sizu\vendor\yiisoft\yii2-debug\LogTarget.php(112): yii\debug\LogTarget->export(Array)
#4 E:\weike\sizu\vendor\yiisoft\yii2\log\Dispatcher.php(183): yii\debug\LogTarget->collect(Array, true)
#5 E:\weike\sizu\vendor\yiisoft\yii2\log\Logger.php(166): yii\log\Dispatcher->dispatch(Array, true)
#6 [internal function]: yii\log\Logger->flush(true)
#7 {main}
2014-12-05 09:22:41 [127.0.0.1][-][t10r6bjgoqm8ddkl6edl1gldt4][info][application] $_GET = [
    'r' => 'index/index'
]

$_COOKIE = [
    'PHPSESSID' => 't10r6bjgoqm8ddkl6edl1gldt4'
    '_csrf' => '3d9e23aa93846bf28a7b95039c14fabf15fafcbe0dd704eb5c187c786ed75e96s:32:\"79tkKilTArHSEzvBjf1umTvo0Mn70w6c\";'
]

$_SESSION = [
    '__flash' => []
    '__returnUrl' => '/test/backend/web/index.php'
]

$_SERVER = [
    'MIBDIRS' => 'D:/install/xampp/php/extras/mibs'
    'MYSQL_HOME' => '\\xampp\\mysql\\bin'
    'OPENSSL_CONF' => 'D:/install/xampp/apache/bin/openssl.cnf'
    'PHP_PEAR_SYSCONF_DIR' => '\\xampp\\php'
    'PHPRC' => '\\xampp\\php'
    'TMP' => '\\xampp\\tmp'
    'HTTP_HOST' => 'www.weike.com'
    'HTTP_USER_AGENT' => 'Mozilla/5.0 (Windows NT 6.1; WOW64; rv:33.0) Gecko/20100101 Firefox/33.0'
    'HTTP_ACCEPT' => 'text/html,application/xhtml+xml,application/xml;q=0.9,*/*;q=0.8'
    'HTTP_ACCEPT_LANGUAGE' => 'zh-cn,zh;q=0.8,en-us;q=0.5,en;q=0.3'
    'HTTP_ACCEPT_ENCODING' => 'gzip, deflate'
    'HTTP_COOKIE' => 'PHPSESSID=t10r6bjgoqm8ddkl6edl1gldt4; _csrf=3d9e23aa93846bf28a7b95039c14fabf15fafcbe0dd704eb5c187c786ed75e96s%3A32%3A%2279tkKilTArHSEzvBjf1umTvo0Mn70w6c%22%3B'
    'HTTP_CONNECTION' => 'keep-alive'
    'PATH' => 'C:\\ProgramData\\Oracle\\Java\\javapath;C:\\Windows\\system32;C:\\Windows;C:\\Windows\\System32\\Wbem;C:\\Windows\\System32\\WindowsPowerShell\\v1.0\\;D:\\安装\\svn\\bin;%;AVA_HOME%\\bin;D:\\install\\jdk\\jre\\bin;C:\\Program Files\\TortoiseGit\\bin;D:\\install\\xampp\\php;C:\\ProgramData\\ComposerSetup\\bin;.;;.;'
    'SystemRoot' => 'C:\\Windows'
    'COMSPEC' => 'C:\\Windows\\system32\\cmd.exe'
    'PATHEXT' => '.COM;.EXE;.BAT;.CMD;.VBS;.VBE;.JS;.JSE;.WSF;.WSH;.MSC'
    'WINDIR' => 'C:\\Windows'
    'SERVER_SIGNATURE' => '<address>Apache/2.4.7 (Win32) OpenSSL/1.0.1e PHP/5.5.9 Server at www.weike.com Port 80</address>
'
    'SERVER_SOFTWARE' => 'Apache/2.4.7 (Win32) OpenSSL/1.0.1e PHP/5.5.9'
    'SERVER_NAME' => 'www.weike.com'
    'SERVER_ADDR' => '127.0.0.1'
    'SERVER_PORT' => '80'
    'REMOTE_ADDR' => '127.0.0.1'
    'DOCUMENT_ROOT' => 'E:/weike'
    'REQUEST_SCHEME' => 'http'
    'CONTEXT_PREFIX' => ''
    'CONTEXT_DOCUMENT_ROOT' => 'E:/weike'
    'SERVER_ADMIN' => 'postmaster@localhost'
    'SCRIPT_FILENAME' => 'E:/weike/sizu/frontend/web/index.php'
    'REMOTE_PORT' => '59070'
    'GATEWAY_INTERFACE' => 'CGI/1.1'
    'SERVER_PROTOCOL' => 'HTTP/1.1'
    'REQUEST_METHOD' => 'GET'
    'QUERY_STRING' => 'r=index/index'
    'REQUEST_URI' => '/sizu/frontend/web/index.php?r=index/index'
    'SCRIPT_NAME' => '/sizu/frontend/web/index.php'
    'PHP_SELF' => '/sizu/frontend/web/index.php'
    'REQUEST_TIME_FLOAT' => 1417767761.583
    'REQUEST_TIME' => 1417767761
]
2014-12-05 09:22:53 [127.0.0.1][][t10r6bjgoqm8ddkl6edl1gldt4][warning][yii\log\Dispatcher::dispatch] Unable to send log via yii\debug\LogTarget: PHP Notice 'yii\base\ErrorException' with message 'unserialize(): Error at offset 0 of 29705 bytes' 

in E:\weike\sizu\vendor\yiisoft\yii2-debug\LogTarget.php:86

Stack trace:
#0 [internal function]: yii\base\ErrorHandler->handleError(8, 'unserialize(): ...', 'E:\weike\sizu\v...', 86, Array)
#1 E:\weike\sizu\vendor\yiisoft\yii2-debug\LogTarget.php(86): unserialize('<<<<<<< HEAD?a:...')
#2 E:\weike\sizu\vendor\yiisoft\yii2-debug\LogTarget.php(61): yii\debug\LogTarget->updateIndexFile('E:\weike\sizu\f...', Array)
#3 E:\weike\sizu\vendor\yiisoft\yii2-debug\LogTarget.php(112): yii\debug\LogTarget->export(Array)
#4 E:\weike\sizu\vendor\yiisoft\yii2\log\Dispatcher.php(183): yii\debug\LogTarget->collect(Array, true)
#5 E:\weike\sizu\vendor\yiisoft\yii2\log\Logger.php(166): yii\log\Dispatcher->dispatch(Array, true)
#6 [internal function]: yii\log\Logger->flush(true)
#7 {main}
2014-12-05 09:22:53 [127.0.0.1][][t10r6bjgoqm8ddkl6edl1gldt4][info][application] $_GET = [
    'do' => 'task_list'
]

$_COOKIE = [
    'PHPSESSID' => 't10r6bjgoqm8ddkl6edl1gldt4'
    '_csrf' => '3d9e23aa93846bf28a7b95039c14fabf15fafcbe0dd704eb5c187c786ed75e96s:32:\"79tkKilTArHSEzvBjf1umTvo0Mn70w6c\";'
]

$_SESSION = [
    '__flash' => []
    '__returnUrl' => '/test/backend/web/index.php'
]

$_SERVER = [
    'MIBDIRS' => 'D:/install/xampp/php/extras/mibs'
    'MYSQL_HOME' => '\\xampp\\mysql\\bin'
    'OPENSSL_CONF' => 'D:/install/xampp/apache/bin/openssl.cnf'
    'PHP_PEAR_SYSCONF_DIR' => '\\xampp\\php'
    'PHPRC' => '\\xampp\\php'
    'TMP' => '\\xampp\\tmp'
    'HTTP_HOST' => 'www.weike.com'
    'HTTP_USER_AGENT' => 'Mozilla/5.0 (Windows NT 6.1; WOW64; rv:33.0) Gecko/20100101 Firefox/33.0'
    'HTTP_ACCEPT' => 'text/html,application/xhtml+xml,application/xml;q=0.9,*/*;q=0.8'
    'HTTP_ACCEPT_LANGUAGE' => 'zh-cn,zh;q=0.8,en-us;q=0.5,en;q=0.3'
    'HTTP_ACCEPT_ENCODING' => 'gzip, deflate'
    'HTTP_REFERER' => 'http://www.weike.com/sizu/frontend/web/index.php?r=index/index'
    'HTTP_COOKIE' => 'PHPSESSID=t10r6bjgoqm8ddkl6edl1gldt4; _csrf=3d9e23aa93846bf28a7b95039c14fabf15fafcbe0dd704eb5c187c786ed75e96s%3A32%3A%2279tkKilTArHSEzvBjf1umTvo0Mn70w6c%22%3B'
    'HTTP_CONNECTION' => 'keep-alive'
    'PATH' => 'C:\\ProgramData\\Oracle\\Java\\javapath;C:\\Windows\\system32;C:\\Windows;C:\\Windows\\System32\\Wbem;C:\\Windows\\System32\\WindowsPowerShell\\v1.0\\;D:\\安装\\svn\\bin;%;AVA_HOME%\\bin;D:\\install\\jdk\\jre\\bin;C:\\Program Files\\TortoiseGit\\bin;D:\\install\\xampp\\php;C:\\ProgramData\\ComposerSetup\\bin;.;;.;'
    'SystemRoot' => 'C:\\Windows'
    'COMSPEC' => 'C:\\Windows\\system32\\cmd.exe'
    'PATHEXT' => '.COM;.EXE;.BAT;.CMD;.VBS;.VBE;.JS;.JSE;.WSF;.WSH;.MSC'
    'WINDIR' => 'C:\\Windows'
    'SERVER_SIGNATURE' => '<address>Apache/2.4.7 (Win32) OpenSSL/1.0.1e PHP/5.5.9 Server at www.weike.com Port 80</address>
'
    'SERVER_SOFTWARE' => 'Apache/2.4.7 (Win32) OpenSSL/1.0.1e PHP/5.5.9'
    'SERVER_NAME' => 'www.weike.com'
    'SERVER_ADDR' => '127.0.0.1'
    'SERVER_PORT' => '80'
    'REMOTE_ADDR' => '127.0.0.1'
    'DOCUMENT_ROOT' => 'E:/weike'
    'REQUEST_SCHEME' => 'http'
    'CONTEXT_PREFIX' => ''
    'CONTEXT_DOCUMENT_ROOT' => 'E:/weike'
    'SERVER_ADMIN' => 'postmaster@localhost'
    'SCRIPT_FILENAME' => 'E:/weike/sizu/frontend/web/index.php'
    'REMOTE_PORT' => '59074'
    'GATEWAY_INTERFACE' => 'CGI/1.1'
    'SERVER_PROTOCOL' => 'HTTP/1.1'
    'REQUEST_METHOD' => 'GET'
    'QUERY_STRING' => 'do=task_list'
    'REQUEST_URI' => '/sizu/frontend/web/index.php?do=task_list'
    'SCRIPT_NAME' => '/sizu/frontend/web/index.php'
    'PHP_SELF' => '/sizu/frontend/web/index.php'
    'REQUEST_TIME_FLOAT' => 1417767773.031
    'REQUEST_TIME' => 1417767773
]
2014-12-05 09:23:00 [127.0.0.1][][t10r6bjgoqm8ddkl6edl1gldt4][warning][yii\log\Dispatcher::dispatch] Unable to send log via yii\debug\LogTarget: PHP Notice 'yii\base\ErrorException' with message 'unserialize(): Error at offset 0 of 29705 bytes' 

in E:\weike\sizu\vendor\yiisoft\yii2-debug\LogTarget.php:86

Stack trace:
#0 [internal function]: yii\base\ErrorHandler->handleError(8, 'unserialize(): ...', 'E:\weike\sizu\v...', 86, Array)
#1 E:\weike\sizu\vendor\yiisoft\yii2-debug\LogTarget.php(86): unserialize('<<<<<<< HEAD?a:...')
#2 E:\weike\sizu\vendor\yiisoft\yii2-debug\LogTarget.php(61): yii\debug\LogTarget->updateIndexFile('E:\weike\sizu\f...', Array)
#3 E:\weike\sizu\vendor\yiisoft\yii2-debug\LogTarget.php(112): yii\debug\LogTarget->export(Array)
#4 E:\weike\sizu\vendor\yiisoft\yii2\log\Dispatcher.php(183): yii\debug\LogTarget->collect(Array, true)
#5 E:\weike\sizu\vendor\yiisoft\yii2\log\Logger.php(166): yii\log\Dispatcher->dispatch(Array, true)
#6 [internal function]: yii\log\Logger->flush(true)
#7 {main}
2014-12-05 09:23:00 [127.0.0.1][][t10r6bjgoqm8ddkl6edl1gldt4][info][application] $_GET = [
    'do' => 'task_list'
]

$_COOKIE = [
    'PHPSESSID' => 't10r6bjgoqm8ddkl6edl1gldt4'
    '_csrf' => '3d9e23aa93846bf28a7b95039c14fabf15fafcbe0dd704eb5c187c786ed75e96s:32:\"79tkKilTArHSEzvBjf1umTvo0Mn70w6c\";'
]

$_SESSION = [
    '__flash' => []
    '__returnUrl' => '/test/backend/web/index.php'
]

$_SERVER = [
    'MIBDIRS' => 'D:/install/xampp/php/extras/mibs'
    'MYSQL_HOME' => '\\xampp\\mysql\\bin'
    'OPENSSL_CONF' => 'D:/install/xampp/apache/bin/openssl.cnf'
    'PHP_PEAR_SYSCONF_DIR' => '\\xampp\\php'
    'PHPRC' => '\\xampp\\php'
    'TMP' => '\\xampp\\tmp'
    'HTTP_HOST' => 'www.weike.com'
    'HTTP_USER_AGENT' => 'Mozilla/5.0 (Windows NT 6.1; WOW64; rv:33.0) Gecko/20100101 Firefox/33.0'
    'HTTP_ACCEPT' => 'text/html,application/xhtml+xml,application/xml;q=0.9,*/*;q=0.8'
    'HTTP_ACCEPT_LANGUAGE' => 'zh-cn,zh;q=0.8,en-us;q=0.5,en;q=0.3'
    'HTTP_ACCEPT_ENCODING' => 'gzip, deflate'
    'HTTP_REFERER' => 'http://www.weike.com/sizu/frontend/web/index.php?do=task_list'
    'HTTP_COOKIE' => 'PHPSESSID=t10r6bjgoqm8ddkl6edl1gldt4; _csrf=3d9e23aa93846bf28a7b95039c14fabf15fafcbe0dd704eb5c187c786ed75e96s%3A32%3A%2279tkKilTArHSEzvBjf1umTvo0Mn70w6c%22%3B'
    'HTTP_CONNECTION' => 'keep-alive'
    'PATH' => 'C:\\ProgramData\\Oracle\\Java\\javapath;C:\\Windows\\system32;C:\\Windows;C:\\Windows\\System32\\Wbem;C:\\Windows\\System32\\WindowsPowerShell\\v1.0\\;D:\\安装\\svn\\bin;%;AVA_HOME%\\bin;D:\\install\\jdk\\jre\\bin;C:\\Program Files\\TortoiseGit\\bin;D:\\install\\xampp\\php;C:\\ProgramData\\ComposerSetup\\bin;.;;.;'
    'SystemRoot' => 'C:\\Windows'
    'COMSPEC' => 'C:\\Windows\\system32\\cmd.exe'
    'PATHEXT' => '.COM;.EXE;.BAT;.CMD;.VBS;.VBE;.JS;.JSE;.WSF;.WSH;.MSC'
    'WINDIR' => 'C:\\Windows'
    'SERVER_SIGNATURE' => '<address>Apache/2.4.7 (Win32) OpenSSL/1.0.1e PHP/5.5.9 Server at www.weike.com Port 80</address>
'
    'SERVER_SOFTWARE' => 'Apache/2.4.7 (Win32) OpenSSL/1.0.1e PHP/5.5.9'
    'SERVER_NAME' => 'www.weike.com'
    'SERVER_ADDR' => '127.0.0.1'
    'SERVER_PORT' => '80'
    'REMOTE_ADDR' => '127.0.0.1'
    'DOCUMENT_ROOT' => 'E:/weike'
    'REQUEST_SCHEME' => 'http'
    'CONTEXT_PREFIX' => ''
    'CONTEXT_DOCUMENT_ROOT' => 'E:/weike'
    'SERVER_ADMIN' => 'postmaster@localhost'
    'SCRIPT_FILENAME' => 'E:/weike/sizu/frontend/web/index.php'
    'REMOTE_PORT' => '59074'
    'GATEWAY_INTERFACE' => 'CGI/1.1'
    'SERVER_PROTOCOL' => 'HTTP/1.1'
    'REQUEST_METHOD' => 'GET'
    'QUERY_STRING' => 'do=task_list'
    'REQUEST_URI' => '/sizu/frontend/web/index.php?do=task_list'
    'SCRIPT_NAME' => '/sizu/frontend/web/index.php'
    'PHP_SELF' => '/sizu/frontend/web/index.php'
    'REQUEST_TIME_FLOAT' => 1417767780.031
    'REQUEST_TIME' => 1417767780
]
